<?xml version="1.0" encoding="UTF-8"?>
<testng-results ignored="0" total="3" passed="2" failed="1" skipped="0">
  <reporter-output>
  </reporter-output>
  <suite started-at="2026-05-08T16:23:01 IST" name="Default suite" finished-at="2026-05-08T16:25:46 IST" duration-ms="165034">
    <groups>
      <group name="cucumber">
        <method signature="AbstractTestNGCucumberTests.runScenario(io.cucumber.testng.PickleWrapper,io.cucumber.testng.FeatureWrapper)[pri:0, instance:runners.TestRunner@2002fc1d]" name="runScenario" class="io.cucumber.testng.AbstractTestNGCucumberTests"/>
      </group> <!-- cucumber -->
    </groups>
    <test started-at="2026-05-08T16:23:01 IST" name="Default test" finished-at="2026-05-08T16:25:46 IST" duration-ms="165034">
      <class name="runners.TestRunner">
        <test-method is-config="true" signature="setUpClass(org.testng.ITestContext)[pri:0, instance:runners.TestRunner@2002fc1d]" started-at="2026-05-08T16:23:01 IST" name="setUpClass" finished-at="2026-05-08T16:23:01 IST" duration-ms="165" status="PASS">
          <params>
            <param index="0">
              <value>
                <![CDATA[org.testng.TestRunner@74a58a06]]>
              </value>
            </param>
          </params>
          <reporter-output>
          </reporter-output>
        </test-method> <!-- setUpClass -->
        <test-method signature="runScenario(io.cucumber.testng.PickleWrapper,io.cucumber.testng.FeatureWrapper)[pri:0, instance:runners.TestRunner@2002fc1d]" started-at="2026-05-08T16:23:01 IST" name="runScenario" description="Runs Cucumber Scenarios" data-provider="scenarios" finished-at="2026-05-08T16:23:47 IST" duration-ms="46248" status="PASS">
          <params>
            <param index="0">
              <value>
                <![CDATA["Click on Admin"]]>
              </value>
            </param>
            <param index="1">
              <value>
                <![CDATA["Dashboard Functionality"]]>
              </value>
            </param>
          </params>
          <reporter-output>
          </reporter-output>
        </test-method> <!-- runScenario -->
        <test-method signature="runScenario(io.cucumber.testng.PickleWrapper,io.cucumber.testng.FeatureWrapper)[pri:0, instance:runners.TestRunner@2002fc1d]" started-at="2026-05-08T16:23:47 IST" name="runScenario" description="Runs Cucumber Scenarios" data-provider="scenarios" finished-at="2026-05-08T16:24:34 IST" duration-ms="46400" status="FAIL">
          <params>
            <param index="0">
              <value>
                <![CDATA["Valid Emplyee Search"]]>
              </value>
            </param>
            <param index="1">
              <value>
                <![CDATA["Directory Functionality"]]>
              </value>
            </param>
          </params>
          <exception class="java.lang.NullPointerException">
            <message>
              <![CDATA[Cannot invoke "pages.DashBoardPage.clickDirectoryElement()" because "this.dashboardPage" is null]]>
            </message>
            <full-stacktrace>
              <![CDATA[java.lang.NullPointerException: Cannot invoke "pages.DashBoardPage.clickDirectoryElement()" because "this.dashboardPage" is null
at stepdefinations.DirectorySteps.user_Is_On_Dashboard(DirectorySteps.java:44)
at ✽.user is on Dashboard(file:///C:/Users/mohak/eclipse-workspace/OrangeHRMProject_2/src/test/resources/features/directory.feature:3)
]]>
            </full-stacktrace>
          </exception> <!-- java.lang.NullPointerException -->
          <reporter-output>
          </reporter-output>
        </test-method> <!-- runScenario -->
        <test-method signature="runScenario(io.cucumber.testng.PickleWrapper,io.cucumber.testng.FeatureWrapper)[pri:0, instance:runners.TestRunner@2002fc1d]" started-at="2026-05-08T16:24:34 IST" name="runScenario" description="Runs Cucumber Scenarios" data-provider="scenarios" finished-at="2026-05-08T16:25:46 IST" duration-ms="72160" status="PASS">
          <params>
            <param index="0">
              <value>
                <![CDATA["Successful Login"]]>
              </value>
            </param>
            <param index="1">
              <value>
                <![CDATA["Login Functionality"]]>
              </value>
            </param>
          </params>
          <reporter-output>
          </reporter-output>
        </test-method> <!-- runScenario -->
        <test-method is-config="true" signature="tearDownClass()[pri:0, instance:runners.TestRunner@2002fc1d]" started-at="2026-05-08T16:25:46 IST" name="tearDownClass" finished-at="2026-05-08T16:25:46 IST" duration-ms="3" status="PASS">
          <reporter-output>
          </reporter-output>
        </test-method> <!-- tearDownClass -->
      </class> <!-- runners.TestRunner -->
    </test> <!-- Default test -->
  </suite> <!-- Default suite -->
</testng-results>
