<?xml version="1.0" encoding="UTF-8"?>
<!-- Generated by org.testng.reporters.JUnitReportReporter -->
<testsuite hostname="LAPTOP-Q3EU9FHQ" failures="0" tests="7" name="runners.TestRunner" time="107.766" errors="1" timestamp="2026-05-15T18:36:04 IST" skipped="0">
  <testcase classname="runners.TestRunner" name="runScenario" time="10.287"/>
  <testcase classname="runners.TestRunner" name="runScenario" time="10.645"/>
  <testcase classname="runners.TestRunner" name="runScenario" time="24.305">
    <error message="Expected condition failed: waiting for visibility of element located by By.xpath: //div[@class=&quot;oxd-autocomplete-text-input oxd-autocomplete-text-input--active&quot;] (tried for 10 second(s) with 500 milliseconds interval)
Build info: version: &#039;4.18.1&#039;, revision: &#039;b1d3319b48&#039;
System info: os.name: &#039;Windows 11&#039;, os.arch: &#039;amd64&#039;, os.version: &#039;10.0&#039;, java.version: &#039;21.0.9&#039;
Driver info: org.openqa.selenium.chrome.ChromeDriver
Capabilities {acceptInsecureCerts: false, browserName: chrome, browserVersion: 147.0.7727.138, chrome: {chromedriverVersion: 147.0.7727.117 (474cc805edd..., userDataDir: C:\Users\mohak\AppData\Loca...}, fedcm:accounts: true, goog:chromeOptions: {debuggerAddress: localhost:58989}, goog:processID: 12636, networkConnectionEnabled: false, pageLoadStrategy: normal, platformName: windows, proxy: Proxy(), se:cdp: ws://localhost:58989/devtoo..., se:cdpVersion: 147.0.7727.138, setWindowRect: true, strictFileInteractability: false, timeouts: {implicit: 0, pageLoad: 300000, script: 30000}, unhandledPromptBehavior: dismiss and notify, webauthn:extension:credBlob: true, webauthn:extension:largeBlob: true, webauthn:extension:minPinLength: true, webauthn:extension:prf: true, webauthn:virtualAuthenticators: true}
Session ID: bf94d85dce977880cb99d3dccadb9e48" type="org.openqa.selenium.TimeoutException">
      <![CDATA[org.openqa.selenium.TimeoutException: Expected condition failed: waiting for visibility of element located by By.xpath: //div[@class="oxd-autocomplete-text-input oxd-autocomplete-text-input--active"] (tried for 10 second(s) with 500 milliseconds interval)
Build info: version: '4.18.1', revision: 'b1d3319b48'
System info: os.name: 'Windows 11', os.arch: 'amd64', os.version: '10.0', java.version: '21.0.9'
Driver info: org.openqa.selenium.chrome.ChromeDriver
Capabilities {acceptInsecureCerts: false, browserName: chrome, browserVersion: 147.0.7727.138, chrome: {chromedriverVersion: 147.0.7727.117 (474cc805edd..., userDataDir: C:\Users\mohak\AppData\Loca...}, fedcm:accounts: true, goog:chromeOptions: {debuggerAddress: localhost:58989}, goog:processID: 12636, networkConnectionEnabled: false, pageLoadStrategy: normal, platformName: windows, proxy: Proxy(), se:cdp: ws://localhost:58989/devtoo..., se:cdpVersion: 147.0.7727.138, setWindowRect: true, strictFileInteractability: false, timeouts: {implicit: 0, pageLoad: 300000, script: 30000}, unhandledPromptBehavior: dismiss and notify, webauthn:extension:credBlob: true, webauthn:extension:largeBlob: true, webauthn:extension:minPinLength: true, webauthn:extension:prf: true, webauthn:virtualAuthenticators: true}
Session ID: bf94d85dce977880cb99d3dccadb9e48
at org.openqa.selenium.support.ui.WebDriverWait.timeoutException(WebDriverWait.java:84)
at org.openqa.selenium.support.ui.FluentWait.until(FluentWait.java:228)
at utils.WaitUtil.waitForElementVisible(WaitUtil.java:16)
at pages.DirectoryPage.enterEmployeeNameText(DirectoryPage.java:30)
at stepdefinations.DirectorySteps.enterUsername(DirectorySteps.java:36)
at ✽.I enter Username in the Employee name suggestive dropdown(file:///C:/Users/mohak/eclipse-workspace/OrangeHRMProject_2/src/test/resources/features/directory.feature:4)
]]>
    </error>
  </testcase> <!-- runScenario -->
  <testcase classname="runners.TestRunner" name="runScenario" time="22.110"/>
  <testcase classname="runners.TestRunner" name="runScenario" time="17.180"/>
  <testcase classname="runners.TestRunner" name="runScenario" time="11.929"/>
  <testcase classname="runners.TestRunner" name="runScenario" time="11.310"/>
</testsuite> <!-- runners.TestRunner -->
