<?xml version="1.0" encoding="UTF-8"?>
<!-- Generated by org.testng.reporters.JUnitReportReporter -->
<testsuite hostname="LAPTOP-Q3EU9FHQ" failures="0" tests="3" name="runners.TestRunner" time="164.808" errors="1" timestamp="2026-05-08T16:25:46 IST" skipped="0">
  <testcase classname="runners.TestRunner" name="runScenario" time="46.248"/>
  <testcase classname="runners.TestRunner" name="runScenario" time="72.160"/>
  <testcase classname="runners.TestRunner" name="runScenario" time="46.400">
    <error message="Cannot invoke &quot;pages.DashBoardPage.clickDirectoryElement()&quot; because &quot;this.dashboardPage&quot; is null" type="java.lang.NullPointerException">
      <![CDATA[java.lang.NullPointerException: Cannot invoke "pages.DashBoardPage.clickDirectoryElement()" because "this.dashboardPage" is null
at stepdefinations.DirectorySteps.user_Is_On_Dashboard(DirectorySteps.java:44)
at ✽.user is on Dashboard(file:///C:/Users/mohak/eclipse-workspace/OrangeHRMProject_2/src/test/resources/features/directory.feature:3)
]]>
    </error>
  </testcase> <!-- runScenario -->
</testsuite> <!-- runners.TestRunner -->
